[17:28:13] [INFO] Security agent initialized
[17:28:13] [INFO] Existing ML-DSA Identity loaded from secure vault.
[17:28:14] [INFO] Auto-initiating secure handshake...
[17:28:14] [INFO] Connecting to VaultQ Server...
[17:28:14] [DEBUG] Received Server Hybrid Public Keys.
[17:28:14] [SUCCESS] Handshake Complete. Quantum-Secure Session Established.
[17:31:19] [INFO] Security agent initialized
[17:31:19] [INFO] Existing ML-DSA Identity loaded from secure vault.
[17:31:20] [INFO] Auto-initiating secure handshake...
[17:31:20] [INFO] Connecting to VaultQ Server...
[17:31:20] [DEBUG] Received Server Hybrid Public Keys.
[17:31:20] [SUCCESS] Handshake Complete. Quantum-Secure Session Established.
[17:34:30] [INFO] Security agent initialized
[17:34:30] [INFO] Existing ML-DSA Identity loaded from secure vault.
[17:34:31] [INFO] Auto-initiating secure handshake...
[17:34:31] [INFO] Connecting to VaultQ Server...
[17:34:31] [DEBUG] Received Server Hybrid Public Keys.
[17:34:31] [SUCCESS] Handshake Complete. Quantum-Secure Session Established.
[17:34:51] [INFO] Reading Seminar-Timetable.pdf...
[17:34:51] [DEBUG] Generating one-time Data Encryption Key (DEK)...
[17:34:51] [DEBUG] Encrypting medical record for Patient...
[17:34:51] [DEBUG] Signing patient payload with ML-DSA Identity...
[17:34:51] [DEBUG] Applying Transport Encryption...
[17:34:51] [DEBUG] Signing transport envelope for Server...
[17:34:51] [INFO] Transmitting Secure Envelope...
[17:34:51] [SUCCESS] Upload Successful! ID: MbOGofbYJpWxO4Vw
[17:41:54] [INFO] Security agent initialized
[17:41:54] [INFO] Existing ML-DSA Identity loaded from secure vault.
[17:41:55] [INFO] Auto-initiating secure handshake...
[17:41:55] [INFO] Connecting to VaultQ Server...
[17:41:55] [DEBUG] Received Server Hybrid Public Keys.
[17:41:55] [SUCCESS] Handshake Complete. Quantum-Secure Session Established.
[17:49:17] [INFO] Security agent initialized
[17:49:17] [INFO] Existing ML-DSA Identity loaded from secure vault.
[17:49:17] [INFO] Auto-initiating secure handshake...
[17:49:17] [INFO] Connecting to VaultQ Server...
[17:49:17] [DEBUG] Received Server Hybrid Public Keys.
[17:49:17] [SUCCESS] Handshake Complete. Quantum-Secure Session Established.
[17:49:32] [INFO] Reading Seminar-Timetable.pdf...
[17:49:32] [DEBUG] Generating one-time Data Encryption Key (DEK)...
[17:49:32] [DEBUG] Encrypting medical record for Patient...
[17:49:32] [DEBUG] Signing patient payload with ML-DSA Identity...
[17:49:32] [DEBUG] Applying Transport Encryption...
[17:49:32] [DEBUG] Signing transport envelope for Server...
[17:49:32] [INFO] Transmitting Secure Envelope...
[17:49:32] [SUCCESS] Upload Successful! ID: 5uFyzq-d9Rjn1xT2
[17:51:15] [INFO] Security agent initialized
[17:51:15] [INFO] Existing ML-DSA Identity loaded from secure vault.
[17:51:15] [INFO] Auto-initiating secure handshake...
[17:51:15] [INFO] Connecting to VaultQ Server...
[17:51:15] [DEBUG] Received Server Hybrid Public Keys.
[17:51:15] [SUCCESS] Handshake Complete. Quantum-Secure Session Established.
[17:51:41] [INFO] Security agent initialized
[17:51:41] [INFO] Existing ML-DSA Identity loaded from secure vault.
[17:51:41] [INFO] Auto-initiating secure handshake...
[17:51:41] [INFO] Connecting to VaultQ Server...
[17:51:41] [DEBUG] Received Server Hybrid Public Keys.
[17:51:41] [SUCCESS] Handshake Complete. Quantum-Secure Session Established.
[17:54:05] [INFO] Security agent initialized
[17:54:05] [INFO] Existing ML-DSA Identity loaded from secure vault.
[17:54:06] [INFO] Auto-initiating secure handshake...
[17:54:06] [INFO] Connecting to VaultQ Server...
[17:54:06] [DEBUG] Received Server Hybrid Public Keys.
[17:54:06] [SUCCESS] Handshake Complete. Quantum-Secure Session Established.
[18:04:43] [INFO] Security agent initialized
[18:04:43] [INFO] Existing ML-DSA Identity loaded from secure vault.
[18:04:43] [INFO] Auto-initiating secure handshake...
[18:04:43] [INFO] Connecting to VaultQ Server...
[18:04:43] [DEBUG] Received Server Hybrid Public Keys.
[18:04:43] [SUCCESS] Handshake Complete. Quantum-Secure Session Established.
[18:05:10] [INFO] Reading Seminar-Timetable.pdf...
[18:05:10] [DEBUG] Generating one-time Data Encryption Key (DEK)...
[18:05:11] [DEBUG] Encrypting medical record for Patient...
[18:05:11] [DEBUG] Signing patient payload with ML-DSA Identity...
[18:05:11] [DEBUG] Applying Transport Encryption...
[18:05:11] [DEBUG] Signing transport envelope for Server...
[18:05:11] [INFO] Transmitting Secure Envelope...
[18:05:11] [SUCCESS] Upload Successful! ID: MXU9xp8kc74-nKaG
[18:05:46] [INFO] Reading Seminar-Timetable.pdf...
[18:05:46] [DEBUG] Generating one-time Data Encryption Key (DEK)...
[18:05:46] [DEBUG] Encrypting medical record for Patient...
[18:05:46] [DEBUG] Signing patient payload with ML-DSA Identity...
[18:05:46] [DEBUG] Applying Transport Encryption...
[18:05:46] [DEBUG] Signing transport envelope for Server...
[18:05:46] [INFO] Transmitting Secure Envelope...
[18:05:46] [SUCCESS] Upload Successful! ID: Qb1uODwpswdEuwYB
[18:08:34] [INFO] Security agent initialized
[18:08:34] [INFO] Existing ML-DSA Identity loaded from secure vault.
[18:08:34] [INFO] Auto-initiating secure handshake...
[18:08:34] [INFO] Connecting to VaultQ Server...
[18:08:34] [DEBUG] Received Server Hybrid Public Keys.
[18:08:34] [SUCCESS] Handshake Complete. Quantum-Secure Session Established.
[18:11:40] [INFO] Security agent initialized
[18:11:40] [INFO] Existing ML-DSA Identity loaded from secure vault.
[18:11:41] [INFO] Auto-initiating secure handshake...
[18:11:41] [INFO] Connecting to VaultQ Server...
[18:11:41] [DEBUG] Received Server Hybrid Public Keys.
[18:11:41] [SUCCESS] Handshake Complete. Quantum-Secure Session Established.
[18:11:46] [INFO] Reading Seminar-Timetable.pdf...
[18:11:46] [DEBUG] Generating one-time Data Encryption Key (DEK)...
[18:11:47] [DEBUG] Encrypting medical record for Patient...
[18:11:47] [DEBUG] Signing patient payload with ML-DSA Identity...
[18:11:47] [DEBUG] Applying Transport Encryption...
[18:11:47] [DEBUG] Signing transport envelope for Server...
[18:11:47] [INFO] Transmitting Secure Envelope...
[18:11:47] [SUCCESS] Upload Successful! ID: oacdxu_L09iWQhD5
[18:19:08] [INFO] Security agent initialized
[18:19:08] [INFO] Existing ML-DSA Identity loaded from secure vault.
[18:19:09] [INFO] Auto-initiating secure handshake...
[18:19:09] [INFO] Connecting to VaultQ Server...
[18:19:09] [DEBUG] Received Server Hybrid Public Keys.
[18:19:09] [SUCCESS] Handshake Complete. Quantum-Secure Session Established.
[18:19:13] [INFO] Reading Seminar-Timetable.pdf...
[18:19:14] [DEBUG] Generating one-time Data Encryption Key (DEK)...
[18:19:14] [DEBUG] Encrypting medical record for Patient...
[18:19:14] [DEBUG] Signing patient payload with ML-DSA Identity...
[18:19:14] [DEBUG] Applying Transport Encryption...
[18:19:14] [DEBUG] Signing transport envelope for Server...
[18:19:14] [INFO] Transmitting Secure Envelope...
[18:19:14] [SUCCESS] Upload Successful! ID: Vls7DeSY_5Ck8--y
[18:31:21] [INFO] Security agent initialized
[18:31:21] [INFO] Existing ML-DSA Identity loaded from secure vault.
[18:31:22] [INFO] Auto-initiating secure handshake...
[18:31:22] [INFO] Connecting to VaultQ Server...
[18:31:22] [DEBUG] Received Server Hybrid Public Keys.
[18:31:22] [SUCCESS] Handshake Complete. Quantum-Secure Session Established.
[18:31:26] [INFO] Reading Seminar-Timetable.pdf...
[18:31:26] [DEBUG] Generating one-time Data Encryption Key (DEK)...
[18:31:27] [DEBUG] Encrypting medical record for Patient...
[18:31:27] [DEBUG] Signing patient payload with ML-DSA Identity...
[18:31:27] [ERROR] Upload Error: cannot access local variable 'envelope' where it is not associated with a value
[18:36:00] [INFO] Security agent initialized
[18:36:00] [INFO] Existing ML-DSA Identity loaded from secure vault.
[18:36:01] [INFO] Auto-initiating secure handshake...
[18:36:01] [INFO] Connecting to VaultQ Server...
[18:36:01] [DEBUG] Received Server Hybrid Public Keys.
[18:36:01] [SUCCESS] Handshake Complete. Quantum-Secure Session Established.
[18:36:07] [INFO] Reading Seminar-Timetable.pdf...
[18:36:07] [DEBUG] Generating one-time Data Encryption Key (DEK)...
[18:36:07] [DEBUG] Encrypting medical record for Patient...
[18:36:07] [DEBUG] Signing patient payload with ML-DSA Identity...
[18:36:07] [DEBUG] Applying Transport Encryption...
[18:36:07] [DEBUG] Signing transport envelope for Server...
[18:36:07] [INFO] Transmitting Secure Envelope...
[18:36:08] [SUCCESS] Upload Successful! ID: T0Ba_h1GSDR-EuTF
[18:49:52] [INFO] Security agent initialized
[18:49:52] [INFO] Existing ML-DSA Identity loaded from secure vault.
[18:49:53] [INFO] Auto-initiating secure handshake...
[18:49:53] [INFO] Connecting to VaultQ Server...
[18:49:53] [DEBUG] Received Server Hybrid Public Keys.
[18:49:53] [SUCCESS] Handshake Complete. Quantum-Secure Session Established.
[18:50:00] [INFO] Reading Seminar-Timetable.pdf...
[18:50:00] [DEBUG] Generating one-time Data Encryption Key (DEK)...
[18:50:00] [DEBUG] Encrypting medical record for Patient...
[18:50:00] [DEBUG] Signing patient payload with ML-DSA Identity...
[18:50:00] [DEBUG] Applying Transport Encryption...
[18:50:00] [DEBUG] Signing transport envelope for Server...
[18:50:00] [INFO] Transmitting Secure Envelope...
[18:50:01] [SUCCESS] Upload Successful! ID: IPqN9MqP-lENcN5G
[19:38:19] [INFO] Security agent initialized
[19:38:19] [INFO] Existing ML-DSA Identity loaded from secure vault.
[19:38:19] [INFO] Auto-initiating secure handshake...
[19:38:19] [INFO] Connecting to VaultQ Server...
[19:38:19] [DEBUG] Received Server Hybrid Public Keys.
[19:38:19] [SUCCESS] Handshake Complete. Quantum-Secure Session Established.
[19:38:58] [INFO] Reading Finalised-Topics-Updated.pdf...
[19:38:58] [DEBUG] Generating one-time Data Encryption Key (DEK)...
[19:38:59] [DEBUG] Encrypting medical record for Patient...
[19:38:59] [DEBUG] Signing patient payload with ML-DSA Identity...
[19:38:59] [DEBUG] Applying Transport Encryption...
[19:38:59] [DEBUG] Signing transport envelope for Server...
[19:38:59] [INFO] Transmitting Secure Envelope...
[19:38:59] [SUCCESS] Upload Successful! ID: rec_1771596539_mTrXkgpF
[19:39:06] [INFO] Reading Finalised-Topics-Updated.pdf...
[19:39:07] [DEBUG] Generating one-time Data Encryption Key (DEK)...
[19:39:07] [DEBUG] Encrypting medical record for Patient...
[19:39:07] [DEBUG] Signing patient payload with ML-DSA Identity...
[19:39:07] [DEBUG] Applying Transport Encryption...
[19:39:07] [DEBUG] Signing transport envelope for Server...
[19:39:07] [INFO] Transmitting Secure Envelope...
[19:39:07] [SUCCESS] Upload Successful! ID: rec_1771596547_V63tXgIg
2026-02-20 19:58:16 [INFO] [vaultq.doctor.audit] Doctor app startup initiated
2026-02-20 19:58:16 [INFO] [vaultq.doctor.audit] Doctor login window initialized
2026-02-20 19:58:16 [INFO] [vaultq.doctor.audit] LocalKeyVault initialized at doctor_app/storage/keystore
2026-02-20 19:58:40 [INFO] [vaultq.doctor.audit] Login attempt started for doctor_id=doc_9d8ec8
2026-02-20 19:58:41 [INFO] [vaultq.doctor.audit] Login verify request sent for doctor_id=doc_9d8ec8
2026-02-20 19:58:41 [INFO] [vaultq.doctor.audit] Login verify accepted for doctor_id=doc_9d8ec8
2026-02-20 19:58:41 [INFO] [vaultq.doctor.audit] LocalKeyVault load_identity start for doctor_id=doc_9d8ec8
2026-02-20 19:58:41 [INFO] [vaultq.doctor.audit] LocalKeyVault load_identity success for doctor_id=doc_9d8ec8
2026-02-20 19:58:41 [INFO] [vaultq.doctor.audit] Login using existing local ML-DSA identity for doctor_id=doc_9d8ec8
2026-02-20 19:58:42 [INFO] [vaultq.doctor.audit] SecurityAgent init for doctor_id=doc_9d8ec8
2026-02-20 19:58:42 [INFO] [vaultq.doctor.audit] SecurityAgent: loaded existing ML-DSA identity for doctor_id=doc_9d8ec8
[19:58:42] [INFO] Security agent initialized
[19:58:42] [INFO] Existing ML-DSA Identity loaded from secure vault.
2026-02-20 19:58:43 [INFO] [vaultq.doctor.audit] Handshake start for doctor_id=doc_9d8ec8
[19:58:43] [INFO] Auto-initiating secure handshake...
2026-02-20 19:58:43 [INFO] [vaultq.doctor.audit] Handshake: received server hybrid public keys
[19:58:43] [INFO] Connecting to VaultQ Server...
2026-02-20 19:58:43 [INFO] [vaultq.doctor.audit] Handshake: derived hybrid session key
[19:58:43] [DEBUG] Received Server Hybrid Public Keys.
2026-02-20 19:58:43 [INFO] [vaultq.doctor.audit] Handshake success for doctor_id=doc_9d8ec8
[19:58:43] [SUCCESS] Handshake Complete. Quantum-Secure Session Established.
2026-02-20 19:58:59 [INFO] [vaultq.doctor.audit] Upload start doctor_id=doc_9d8ec8 patient_id=1010 file=C:/Users/Sanjit Kamath/Downloads/requirements (1).txt
[19:58:59] [INFO] Reading requirements (1).txt...
2026-02-20 19:58:59 [INFO] [vaultq.doctor.audit] Patient payload stage: DEK generation started patient_id=1010
2026-02-20 19:58:59 [INFO] [vaultq.doctor.audit] Patient payload stage: at-rest encryption complete patient_id=1010
2026-02-20 19:58:59 [INFO] [vaultq.doctor.audit] Patient payload stage: signature generation started patient_id=1010
[19:58:59] [DEBUG] Generating one-time Data Encryption Key (DEK)...
2026-02-20 19:58:59 [INFO] [vaultq.doctor.audit] Patient payload stage: signature generation complete patient_id=1010
[19:58:59] [DEBUG] Encrypting medical record for Patient...
2026-02-20 19:58:59 [INFO] [vaultq.doctor.audit] Upload stage: transport encryption applied doctor_id=doc_9d8ec8 patient_id=1010
2026-02-20 19:58:59 [INFO] [vaultq.doctor.audit] Upload stage: transport signature generated doctor_id=doc_9d8ec8
[19:58:59] [DEBUG] Signing patient payload with ML-DSA Identity...
2026-02-20 19:59:00 [INFO] [vaultq.doctor.audit] Upload stage: transmitting envelope doctor_id=doc_9d8ec8 patient_id=1010
[19:59:00] [DEBUG] Applying Transport Encryption...
[19:59:00] [DEBUG] Signing transport envelope for Server...
[19:59:00] [INFO] Transmitting Secure Envelope...
2026-02-20 19:59:00 [INFO] [vaultq.doctor.audit] Upload success doctor_id=doc_9d8ec8 patient_id=1010 record_id=rec_1771597740_khSS2E9P
[19:59:00] [SUCCESS] Upload Successful! ID: rec_1771597740_khSS2E9P
2026-02-20 20:37:19 [INFO] [vaultq.doctor.audit] Doctor app shutdown
2026-02-20 20:39:38 [INFO] [vaultq.doctor.audit] Doctor app startup initiated
2026-02-20 20:39:38 [INFO] [vaultq.doctor.audit] Doctor login window initialized
2026-02-20 20:39:38 [INFO] [vaultq.doctor.audit] LocalKeyVault initialized at doctor_app/storage/keystore
2026-02-20 21:03:11 [INFO] [vaultq.doctor.audit] Doctor app startup initiated
2026-02-20 21:03:11 [INFO] [vaultq.doctor.audit] Doctor login window initialized
2026-02-20 21:03:11 [INFO] [vaultq.doctor.audit] LocalKeyVault initialized at doctor_app/storage/keystore
2026-02-20 21:03:27 [INFO] [vaultq.doctor.audit] Login attempt started for doctor_id=doc_9d8ec8
2026-02-20 21:03:27 [INFO] [vaultq.doctor.audit] Login verify request sent for doctor_id=doc_9d8ec8
2026-02-20 21:03:27 [INFO] [vaultq.doctor.audit] Login verify accepted for doctor_id=doc_9d8ec8
2026-02-20 21:03:27 [INFO] [vaultq.doctor.audit] LocalKeyVault load_identity start for doctor_id=doc_9d8ec8
2026-02-20 21:03:28 [INFO] [vaultq.doctor.audit] LocalKeyVault load_identity success for doctor_id=doc_9d8ec8
2026-02-20 21:03:28 [INFO] [vaultq.doctor.audit] Login using existing local ML-DSA identity for doctor_id=doc_9d8ec8
2026-02-20 21:03:29 [INFO] [vaultq.doctor.audit] SecurityAgent init for doctor_id=doc_9d8ec8
2026-02-20 21:03:29 [INFO] [vaultq.doctor.audit] SecurityAgent: loaded existing ML-DSA identity for doctor_id=doc_9d8ec8
[21:03:29] [INFO] Security agent initialized
[21:03:29] [INFO] Existing ML-DSA Identity loaded from secure vault.
[21:03:30] [INFO] Auto-initiating secure handshake...
2026-02-20 21:03:30 [INFO] [vaultq.doctor.audit] Handshake start for doctor_id=doc_9d8ec8
[21:03:30] [INFO] Connecting to VaultQ Server...
2026-02-20 21:03:30 [INFO] [vaultq.doctor.audit] Handshake: received server hybrid public keys
2026-02-20 21:03:30 [INFO] [vaultq.doctor.audit] Handshake: derived hybrid session key
2026-02-20 21:03:30 [INFO] [vaultq.doctor.audit] Handshake success for doctor_id=doc_9d8ec8
[21:03:30] [DEBUG] Received Server Hybrid Public Keys.
[21:03:30] [SUCCESS] Handshake Complete. Quantum-Secure Session Established.
2026-02-20 21:03:41 [INFO] [vaultq.doctor.audit] Upload start doctor_id=doc_9d8ec8 patient_id=1122 file=C:/Users/Sanjit Kamath/Downloads/Employment-Bond Navikenz 2026.pdf
2026-02-20 21:03:41 [INFO] [vaultq.doctor.audit] Patient payload stage: DEK generation started patient_id=1122
2026-02-20 21:03:41 [INFO] [vaultq.doctor.audit] Patient payload stage: at-rest encryption complete patient_id=1122
[21:03:41] [INFO] Reading Employment-Bond Navikenz 2026.pdf...
2026-02-20 21:03:41 [INFO] [vaultq.doctor.audit] Patient payload stage: signature generation started patient_id=1122
[21:03:41] [DEBUG] Generating one-time Data Encryption Key (DEK)...
[21:03:42] [DEBUG] Encrypting medical record for Patient...
[21:03:42] [DEBUG] Signing patient payload with ML-DSA Identity...
2026-02-20 21:03:42 [INFO] [vaultq.doctor.audit] Patient payload stage: signature generation complete patient_id=1122
2026-02-20 21:03:42 [INFO] [vaultq.doctor.audit] Upload stage: transport encryption applied doctor_id=doc_9d8ec8 patient_id=1122
[21:03:42] [DEBUG] Applying Transport Encryption...
2026-02-20 21:03:42 [INFO] [vaultq.doctor.audit] Upload stage: transport signature generated doctor_id=doc_9d8ec8
[21:03:42] [DEBUG] Signing transport envelope for Server...
2026-02-20 21:03:43 [INFO] [vaultq.doctor.audit] Upload stage: transmitting envelope doctor_id=doc_9d8ec8 patient_id=1122
[21:03:43] [INFO] Transmitting Secure Envelope...
2026-02-20 21:03:43 [INFO] [vaultq.doctor.audit] Upload success doctor_id=doc_9d8ec8 patient_id=1122 record_id=rec_1771601623_pBPaDoEu
[21:03:43] [SUCCESS] Upload Successful! ID: rec_1771601623_pBPaDoEu
2026-02-20 21:06:02 [INFO] [vaultq.doctor.audit] Doctor app startup initiated
2026-02-20 21:06:02 [INFO] [vaultq.doctor.audit] Doctor login window initialized
2026-02-20 21:06:02 [INFO] [vaultq.doctor.audit] LocalKeyVault initialized at doctor_app/storage/keystore
2026-02-20 21:06:14 [INFO] [vaultq.doctor.audit] Login attempt started for doctor_id=doc_9d8ec8
2026-02-20 21:06:15 [INFO] [vaultq.doctor.audit] Login verify request sent for doctor_id=doc_9d8ec8
2026-02-20 21:06:15 [INFO] [vaultq.doctor.audit] Login verify accepted for doctor_id=doc_9d8ec8
2026-02-20 21:06:15 [INFO] [vaultq.doctor.audit] LocalKeyVault load_identity start for doctor_id=doc_9d8ec8
2026-02-20 21:06:15 [INFO] [vaultq.doctor.audit] LocalKeyVault load_identity success for doctor_id=doc_9d8ec8
2026-02-20 21:06:15 [INFO] [vaultq.doctor.audit] Login using existing local ML-DSA identity for doctor_id=doc_9d8ec8
2026-02-20 21:06:16 [INFO] [vaultq.doctor.audit] SecurityAgent init for doctor_id=doc_9d8ec8
2026-02-20 21:06:16 [INFO] [vaultq.doctor.audit] SecurityAgent: loaded existing ML-DSA identity for doctor_id=doc_9d8ec8
[21:06:16] [INFO] Security agent initialized
[21:06:16] [INFO] Existing ML-DSA Identity loaded from secure vault.
2026-02-20 21:06:17 [INFO] [vaultq.doctor.audit] Handshake start for doctor_id=doc_9d8ec8
2026-02-20 21:06:17 [INFO] [vaultq.doctor.audit] Handshake: received server hybrid public keys
2026-02-20 21:06:17 [INFO] [vaultq.doctor.audit] Handshake: derived hybrid session key
[21:06:17] [INFO] Auto-initiating secure handshake...
[21:06:17] [INFO] Connecting to VaultQ Server...
2026-02-20 21:06:17 [INFO] [vaultq.doctor.audit] Handshake success for doctor_id=doc_9d8ec8
[21:06:17] [DEBUG] Received Server Hybrid Public Keys.
[21:06:17] [SUCCESS] Handshake Complete. Quantum-Secure Session Established.
2026-02-20 21:08:07 [INFO] [vaultq.doctor.audit] Doctor app startup initiated
2026-02-20 21:08:07 [INFO] [vaultq.doctor.audit] Doctor login window initialized
2026-02-20 21:08:07 [INFO] [vaultq.doctor.audit] LocalKeyVault initialized at doctor_app/storage/keystore
2026-02-20 21:08:19 [INFO] [vaultq.doctor.audit] Login attempt started for doctor_id=doc_9d8ec8
2026-02-20 21:08:19 [INFO] [vaultq.doctor.audit] Login verify request sent for doctor_id=doc_9d8ec8
2026-02-20 21:08:19 [INFO] [vaultq.doctor.audit] Login verify accepted for doctor_id=doc_9d8ec8
2026-02-20 21:08:19 [INFO] [vaultq.doctor.audit] LocalKeyVault load_identity start for doctor_id=doc_9d8ec8
2026-02-20 21:08:19 [INFO] [vaultq.doctor.audit] LocalKeyVault load_identity success for doctor_id=doc_9d8ec8
2026-02-20 21:08:19 [INFO] [vaultq.doctor.audit] Login using existing local ML-DSA identity for doctor_id=doc_9d8ec8
2026-02-20 21:08:20 [INFO] [vaultq.doctor.audit] SecurityAgent init for doctor_id=doc_9d8ec8
2026-02-20 21:08:20 [INFO] [vaultq.doctor.audit] SecurityAgent: loaded existing ML-DSA identity for doctor_id=doc_9d8ec8
[21:08:21] [INFO] Security agent initialized
[21:08:21] [INFO] Existing ML-DSA Identity loaded from secure vault.
2026-02-20 21:08:21 [INFO] [vaultq.doctor.audit] Handshake start for doctor_id=doc_9d8ec8
2026-02-20 21:08:21 [INFO] [vaultq.doctor.audit] Handshake: received server hybrid public keys
2026-02-20 21:08:21 [INFO] [vaultq.doctor.audit] Handshake: derived hybrid session key
[21:08:21] [INFO] Auto-initiating secure handshake...
2026-02-20 21:08:21 [INFO] [vaultq.doctor.audit] Handshake success for doctor_id=doc_9d8ec8
[21:08:21] [INFO] Connecting to VaultQ Server...
[21:08:21] [DEBUG] Received Server Hybrid Public Keys.
[21:08:21] [SUCCESS] Handshake Complete. Quantum-Secure Session Established.
2026-02-20 21:11:10 [INFO] [vaultq.doctor.audit] Doctor app startup initiated
2026-02-20 21:11:10 [INFO] [vaultq.doctor.audit] Doctor login window initialized
2026-02-20 21:11:10 [INFO] [vaultq.doctor.audit] LocalKeyVault initialized at doctor_app/storage/keystore
2026-02-20 21:11:22 [INFO] [vaultq.doctor.audit] Login attempt started for doctor_id=doc_9d8ec8
2026-02-20 21:11:23 [INFO] [vaultq.doctor.audit] Login verify request sent for doctor_id=doc_9d8ec8
2026-02-20 21:11:23 [INFO] [vaultq.doctor.audit] Login verify accepted for doctor_id=doc_9d8ec8
2026-02-20 21:11:23 [INFO] [vaultq.doctor.audit] LocalKeyVault load_identity start for doctor_id=doc_9d8ec8
2026-02-20 21:11:23 [INFO] [vaultq.doctor.audit] LocalKeyVault load_identity success for doctor_id=doc_9d8ec8
2026-02-20 21:11:23 [INFO] [vaultq.doctor.audit] Login using existing local ML-DSA identity for doctor_id=doc_9d8ec8
2026-02-20 21:11:24 [INFO] [vaultq.doctor.audit] SecurityAgent init for doctor_id=doc_9d8ec8
2026-02-20 21:11:24 [INFO] [vaultq.doctor.audit] SecurityAgent: loaded existing ML-DSA identity for doctor_id=doc_9d8ec8
[21:11:25] [INFO] Security agent initialized
[21:11:25] [INFO] Existing ML-DSA Identity loaded from secure vault.
2026-02-20 21:11:25 [INFO] [vaultq.doctor.audit] Handshake start for doctor_id=doc_9d8ec8
[21:11:25] [INFO] Auto-initiating secure handshake...
2026-02-20 21:11:25 [INFO] [vaultq.doctor.audit] Handshake: received server hybrid public keys
2026-02-20 21:11:25 [INFO] [vaultq.doctor.audit] Handshake: derived hybrid session key
[21:11:25] [INFO] Connecting to VaultQ Server...
[21:11:25] [DEBUG] Received Server Hybrid Public Keys.
2026-02-20 21:11:25 [INFO] [vaultq.doctor.audit] Handshake success for doctor_id=doc_9d8ec8
[21:11:25] [SUCCESS] Handshake Complete. Quantum-Secure Session Established.
2026-02-20 21:12:26 [INFO] [vaultq.doctor.audit] Doctor app startup initiated
2026-02-20 21:12:26 [INFO] [vaultq.doctor.audit] Doctor login window initialized
2026-02-20 21:12:26 [INFO] [vaultq.doctor.audit] LocalKeyVault initialized at doctor_app/storage/keystore
2026-02-20 21:12:34 [INFO] [vaultq.doctor.audit] Login attempt started for doctor_id=doc_9d8ec8
2026-02-20 21:12:35 [INFO] [vaultq.doctor.audit] Login verify request sent for doctor_id=doc_9d8ec8
2026-02-20 21:12:35 [INFO] [vaultq.doctor.audit] Login verify accepted for doctor_id=doc_9d8ec8
2026-02-20 21:12:35 [INFO] [vaultq.doctor.audit] LocalKeyVault load_identity start for doctor_id=doc_9d8ec8
2026-02-20 21:12:35 [INFO] [vaultq.doctor.audit] LocalKeyVault load_identity success for doctor_id=doc_9d8ec8
2026-02-20 21:12:35 [INFO] [vaultq.doctor.audit] Login using existing local ML-DSA identity for doctor_id=doc_9d8ec8
2026-02-20 21:12:36 [INFO] [vaultq.doctor.audit] SecurityAgent init for doctor_id=doc_9d8ec8
2026-02-20 21:12:36 [INFO] [vaultq.doctor.audit] SecurityAgent: loaded existing ML-DSA identity for doctor_id=doc_9d8ec8
[21:12:36] [INFO] Security agent initialized
[21:12:36] [INFO] Existing ML-DSA Identity loaded from secure vault.
2026-02-20 21:12:37 [INFO] [vaultq.doctor.audit] Handshake start for doctor_id=doc_9d8ec8
2026-02-20 21:12:37 [INFO] [vaultq.doctor.audit] Handshake: received server hybrid public keys
2026-02-20 21:12:37 [INFO] [vaultq.doctor.audit] Handshake: derived hybrid session key
[21:12:37] [INFO] Auto-initiating secure handshake...
2026-02-20 21:12:37 [INFO] [vaultq.doctor.audit] Handshake success for doctor_id=doc_9d8ec8
[21:12:37] [INFO] Connecting to VaultQ Server...
[21:12:37] [DEBUG] Received Server Hybrid Public Keys.
[21:12:37] [SUCCESS] Handshake Complete. Quantum-Secure Session Established.
2026-02-20 21:13:18 [INFO] [vaultq.doctor.audit] Doctor app shutdown
2026-02-20 21:13:34 [INFO] [vaultq.doctor.audit] Doctor app startup initiated
2026-02-20 21:13:34 [INFO] [vaultq.doctor.audit] Doctor login window initialized
2026-02-20 21:13:34 [INFO] [vaultq.doctor.audit] LocalKeyVault initialized at doctor_app/storage/keystore
2026-02-20 21:13:44 [INFO] [vaultq.doctor.audit] Login attempt started for doctor_id=doc_9d8ec8
2026-02-20 21:13:44 [INFO] [vaultq.doctor.audit] Login verify request sent for doctor_id=doc_9d8ec8
2026-02-20 21:13:44 [INFO] [vaultq.doctor.audit] Login verify accepted for doctor_id=doc_9d8ec8
2026-02-20 21:13:44 [INFO] [vaultq.doctor.audit] LocalKeyVault load_identity start for doctor_id=doc_9d8ec8
2026-02-20 21:13:44 [INFO] [vaultq.doctor.audit] LocalKeyVault load_identity success for doctor_id=doc_9d8ec8
2026-02-20 21:13:44 [INFO] [vaultq.doctor.audit] Login using existing local ML-DSA identity for doctor_id=doc_9d8ec8
2026-02-20 21:13:45 [INFO] [vaultq.doctor.audit] SecurityAgent init for doctor_id=doc_9d8ec8
2026-02-20 21:13:45 [INFO] [vaultq.doctor.audit] SecurityAgent: loaded existing ML-DSA identity for doctor_id=doc_9d8ec8
[21:13:46] [INFO] Security agent initialized
[21:13:46] [INFO] Existing ML-DSA Identity loaded from secure vault.
2026-02-20 21:13:46 [INFO] [vaultq.doctor.audit] Handshake start for doctor_id=doc_9d8ec8
2026-02-20 21:13:46 [INFO] [vaultq.doctor.audit] Handshake: received server hybrid public keys
2026-02-20 21:13:46 [INFO] [vaultq.doctor.audit] Handshake: derived hybrid session key
[21:13:46] [INFO] Auto-initiating secure handshake...
[21:13:46] [INFO] Connecting to VaultQ Server...
2026-02-20 21:13:46 [INFO] [vaultq.doctor.audit] Handshake success for doctor_id=doc_9d8ec8
[21:13:46] [DEBUG] Received Server Hybrid Public Keys.
[21:13:46] [SUCCESS] Handshake Complete. Quantum-Secure Session Established.
2026-02-20 21:15:49 [INFO] [vaultq.doctor.audit] Doctor app shutdown
2026-02-20 21:20:32 [INFO] [vaultq.doctor.audit] Doctor app startup initiated
2026-02-20 21:20:32 [INFO] [vaultq.doctor.audit] Doctor login window initialized
2026-02-20 21:20:32 [INFO] [vaultq.doctor.audit] LocalKeyVault initialized at doctor_app/storage/keystore
2026-02-20 21:20:43 [INFO] [vaultq.doctor.audit] Login attempt started for doctor_id=doc_9d8ec8
2026-02-20 21:20:43 [INFO] [vaultq.doctor.audit] Login verify request sent for doctor_id=doc_9d8ec8
2026-02-20 21:20:43 [INFO] [vaultq.doctor.audit] Login verify accepted for doctor_id=doc_9d8ec8
2026-02-20 21:20:43 [INFO] [vaultq.doctor.audit] LocalKeyVault load_identity start for doctor_id=doc_9d8ec8
2026-02-20 21:20:44 [INFO] [vaultq.doctor.audit] LocalKeyVault load_identity success for doctor_id=doc_9d8ec8
2026-02-20 21:20:44 [INFO] [vaultq.doctor.audit] Login using existing local ML-DSA identity for doctor_id=doc_9d8ec8
2026-02-20 21:20:45 [INFO] [vaultq.doctor.audit] SecurityAgent init for doctor_id=doc_9d8ec8
2026-02-20 21:20:45 [INFO] [vaultq.doctor.audit] SecurityAgent: loaded existing ML-DSA identity for doctor_id=doc_9d8ec8
[21:20:45] [INFO] Security agent initialized
[21:20:45] [INFO] Existing ML-DSA Identity loaded from secure vault.
[21:20:46] [INFO] Auto-initiating secure handshake...
2026-02-20 21:20:46 [INFO] [vaultq.doctor.audit] Handshake start for doctor_id=doc_9d8ec8
[21:20:46] [INFO] Connecting to VaultQ Server...
2026-02-20 21:20:46 [INFO] [vaultq.doctor.audit] Handshake: received server hybrid public keys
2026-02-20 21:20:46 [INFO] [vaultq.doctor.audit] Handshake: derived hybrid session key
2026-02-20 21:20:46 [INFO] [vaultq.doctor.audit] Handshake success for doctor_id=doc_9d8ec8
[21:20:46] [DEBUG] Received Server Hybrid Public Keys.
[21:20:46] [SUCCESS] Handshake Complete. Quantum-Secure Session Established.
2026-02-20 21:20:57 [INFO] [vaultq.doctor.audit] Upload start doctor_id=doc_9d8ec8 patient_id=1250 file=C:/Users/Sanjit Kamath/Downloads/requirements (1).txt
2026-02-20 21:20:57 [INFO] [vaultq.doctor.audit] Patient payload stage: DEK generation started patient_id=1250
2026-02-20 21:20:57 [INFO] [vaultq.doctor.audit] Patient payload stage: at-rest encryption complete patient_id=1250
2026-02-20 21:20:57 [INFO] [vaultq.doctor.audit] Patient payload stage: signature generation started patient_id=1250
2026-02-20 21:20:57 [INFO] [vaultq.doctor.audit] Patient payload stage: signature generation complete patient_id=1250
[21:20:57] [INFO] Reading requirements (1).txt...
2026-02-20 21:20:57 [INFO] [vaultq.doctor.audit] Upload stage: transport encryption applied doctor_id=doc_9d8ec8 patient_id=1250
2026-02-20 21:20:57 [INFO] [vaultq.doctor.audit] Upload stage: transport signature generated doctor_id=doc_9d8ec8
[21:20:57] [DEBUG] Generating one-time Data Encryption Key (DEK)...
[21:20:57] [DEBUG] Encrypting medical record for Patient...
2026-02-20 21:20:58 [INFO] [vaultq.doctor.audit] Upload stage: transmitting envelope doctor_id=doc_9d8ec8 patient_id=1250
[21:20:58] [DEBUG] Signing patient payload with ML-DSA Identity...
[21:20:58] [DEBUG] Applying Transport Encryption...
[21:20:58] [DEBUG] Signing transport envelope for Server...
[21:20:58] [INFO] Transmitting Secure Envelope...
2026-02-20 21:20:58 [INFO] [vaultq.doctor.audit] Upload success doctor_id=doc_9d8ec8 patient_id=1250 record_id=rec_1771602658_av1Y0TgN
[21:20:58] [SUCCESS] Upload Successful! ID: rec_1771602658_av1Y0TgN
